TN:
SF:src/App.tsx
FN:21,(anonymous_0)
FN:28,App
FN:29,(anonymous_2)
FN:30,(anonymous_3)
FN:31,(anonymous_4)
FN:39,(anonymous_5)
FN:44,(anonymous_6)
FN:51,(anonymous_7)
FN:54,(anonymous_8)
FNF:9
FNH:0
FNDA:0,(anonymous_0)
FNDA:0,App
FNDA:0,(anonymous_2)
FNDA:0,(anonymous_3)
FNDA:0,(anonymous_4)
FNDA:0,(anonymous_5)
FNDA:0,(anonymous_6)
FNDA:0,(anonymous_7)
FNDA:0,(anonymous_8)
DA:1,0
DA:2,0
DA:3,0
DA:4,0
DA:5,0
DA:6,0
DA:7,0
DA:8,0
DA:9,0
DA:10,0
DA:11,0
DA:12,0
DA:13,0
DA:14,0
DA:15,0
DA:16,0
DA:17,0
DA:18,0
DA:19,0
DA:21,0
DA:22,0
DA:29,0
DA:30,0
DA:31,0
DA:32,0
DA:37,0
DA:39,0
DA:40,0
DA:42,0
DA:43,0
DA:44,0
DA:45,0
DA:46,0
DA:49,0
DA:51,0
DA:52,0
DA:53,0
DA:54,0
DA:55,0
DA:57,0
DA:59,0
DA:147,0
LF:42
LH:0
BRDA:37,0,0,0
BRDA:37,0,1,0
BRDA:37,1,0,0
BRDA:37,1,1,0
BRF:4
BRH:0
end_of_record
TN:
SF:src/app/layout/Layout.tsx
FN:14,(anonymous_0)
FNF:1
FNH:0
FNDA:0,(anonymous_0)
DA:3,0
DA:4,0
DA:5,0
DA:14,0
DA:20,0
DA:21,0
DA:92,0
LF:7
LH:0
BRDA:16,0,0,0
BRDA:17,1,0,0
BRDA:18,2,0,0
BRDA:24,3,0,0
BRDA:24,3,1,0
BRDA:49,4,0,0
BRDA:49,4,1,0
BRDA:65,5,0,0
BRDA:65,5,1,0
BRF:9
BRH:0
end_of_record
TN:
SF:src/components/index.ts
FN:2,(anonymous_0)
FN:5,(anonymous_1)
FN:8,(anonymous_2)
FN:11,(anonymous_3)
FN:14,(anonymous_4)
FNF:5
FNH:0
FNDA:0,(anonymous_0)
FNDA:0,(anonymous_1)
FNDA:0,(anonymous_2)
FNDA:0,(anonymous_3)
FNDA:0,(anonymous_4)
DA:2,0
DA:5,0
DA:8,0
DA:11,0
DA:14,0
LF:5
LH:0
BRF:0
BRH:0
end_of_record
TN:
SF:src/components/Common/LoadingSpinner.tsx
FN:9,(anonymous_0)
FNF:1
FNH:0
FNDA:0,(anonymous_0)
DA:9,0
DA:14,0
DA:21,0
DA:27,0
DA:53,0
LF:5
LH:0
BRDA:10,0,0,0
BRDA:11,1,0,0
BRDA:12,2,0,0
BRF:3
BRH:0
end_of_record
TN:
SF:src/components/Layout/Footer.tsx
FN:4,(anonymous_0)
FNF:1
FNH:0
FNDA:0,(anonymous_0)
DA:2,0
DA:4,0
DA:5,0
DA:7,0
DA:139,0
LF:5
LH:0
BRF:0
BRH:0
end_of_record
TN:
SF:src/features/auth/components/ProtectedRoute.tsx
FN:11,(anonymous_0)
FNF:1
FNH:0
FNDA:0,(anonymous_0)
DA:3,0
DA:4,0
DA:5,0
DA:11,0
DA:12,0
DA:13,0
DA:14,0
DA:16,0
DA:17,0
DA:18,0
DA:21,0
DA:22,0
DA:25,0
LF:13
LH:0
BRDA:16,0,0,0
BRDA:16,0,1,0
BRF:2
BRH:0
end_of_record
TN:
SF:src/features/auth/context/AuthContext.tsx
FN:21,(anonymous_0)
FN:23,(anonymous_1)
FN:45,(anonymous_2)
FN:46,(anonymous_3)
FN:67,(anonymous_4)
FN:70,(anonymous_5)
FN:81,(anonymous_6)
FN:88,(anonymous_7)
FN:95,(anonymous_8)
FNF:9
FNH:8
FNDA:10,(anonymous_0)
FNDA:8,(anonymous_1)
FNDA:8,(anonymous_2)
FNDA:0,(anonymous_3)
FNDA:8,(anonymous_4)
FNDA:1,(anonymous_5)
FNDA:1,(anonymous_6)
FNDA:10,(anonymous_7)
FNDA:10,(anonymous_8)
DA:1,1
DA:3,1
DA:19,1
DA:21,1
DA:22,10
DA:23,10
DA:24,8
DA:25,8
DA:26,8
DA:27,4
DA:28,4
DA:30,4
DA:31,3
DA:37,3
DA:38,3
DA:40,1
DA:41,1
DA:45,10
DA:46,8
DA:47,0
DA:48,0
DA:49,0
DA:50,0
DA:58,0
DA:59,0
DA:61,0
DA:62,0
DA:66,8
DA:67,8
DA:70,10
DA:71,1
DA:72,1
DA:73,1
DA:81,10
DA:82,1
DA:83,1
DA:84,1
DA:87,10
DA:88,10
DA:92,10
DA:95,1
DA:96,10
DA:97,10
DA:98,9
LF:44
LH:36
BRDA:26,0,0,4
BRDA:26,0,1,4
BRDA:34,1,0,1
BRDA:34,1,1,2
BRDA:34,2,0,3
BRDA:34,2,1,3
BRDA:35,3,0,1
BRDA:35,3,1,2
BRDA:35,4,0,3
BRDA:35,4,1,3
BRDA:47,5,0,0
BRDA:47,5,1,0
BRDA:49,6,0,0
BRDA:49,6,1,0
BRDA:50,7,0,0
BRDA:50,7,1,0
BRDA:54,8,0,0
BRDA:54,8,1,0
BRDA:54,9,0,0
BRDA:54,9,1,0
BRDA:55,10,0,0
BRDA:55,10,1,0
BRDA:55,11,0,0
BRDA:55,11,1,0
BRDA:97,12,0,1
BRDA:97,12,1,9
BRF:26
BRH:12
end_of_record
TN:
SF:src/features/home/pages/HomePage.tsx
FN:7,(anonymous_0)
FN:26,(anonymous_1)
FN:30,(anonymous_2)
FN:34,(anonymous_3)
FNF:4
FNH:0
FNDA:0,(anonymous_0)
FNDA:0,(anonymous_1)
FNDA:0,(anonymous_2)
FNDA:0,(anonymous_3)
DA:2,0
DA:3,0
DA:4,0
DA:5,0
DA:7,0
DA:8,0
DA:9,0
DA:11,0
DA:26,0
DA:30,0
DA:34,0
DA:78,0
LF:12
LH:0
BRDA:29,0,0,0
BRDA:29,0,1,0
BRF:2
BRH:0
end_of_record
TN:
SF:src/features/landing/pages/LandingPage.tsx
FN:5,(anonymous_0)
FNF:1
FNH:0
FNDA:0,(anonymous_0)
DA:2,0
DA:3,0
DA:5,0
DA:6,0
DA:142,0
LF:5
LH:0
BRF:0
BRH:0
end_of_record
TN:
SF:src/features/profile/pages/ProfilePage.tsx
FN:7,(anonymous_0)
FN:19,(anonymous_1)
FN:42,(anonymous_2)
FN:43,(anonymous_3)
FNF:4
FNH:0
FNDA:0,(anonymous_0)
FNDA:0,(anonymous_1)
FNDA:0,(anonymous_2)
FNDA:0,(anonymous_3)
DA:2,0
DA:3,0
DA:4,0
DA:5,0
DA:7,0
DA:8,0
DA:9,0
DA:10,0
DA:12,0
DA:13,0
DA:19,0
DA:26,0
DA:42,0
DA:43,0
DA:51,0
LF:15
LH:0
BRDA:12,0,0,0
BRDA:12,0,1,0
BRDA:33,1,0,0
BRDA:33,1,1,0
BRDA:33,2,0,0
BRDA:33,2,1,0
BRDA:33,3,0,0
BRDA:33,3,1,0
BRDA:33,4,0,0
BRDA:33,4,1,0
BRF:10
BRH:0
end_of_record
TN:
SF:src/server/api/routes/auth.ts
FN:12,(anonymous_7)
FN:12,(anonymous_8)
FN:18,(anonymous_9)
FN:18,(anonymous_10)
FN:26,(anonymous_11)
FN:26,(anonymous_12)
FN:38,(anonymous_13)
FN:38,(anonymous_14)
FNF:8
FNH:0
FNDA:0,(anonymous_7)
FNDA:0,(anonymous_8)
FNDA:0,(anonymous_9)
FNDA:0,(anonymous_10)
FNDA:0,(anonymous_11)
FNDA:0,(anonymous_12)
FNDA:0,(anonymous_13)
FNDA:0,(anonymous_14)
DA:1,0
DA:3,0
DA:4,0
DA:5,0
DA:6,0
DA:8,0
DA:10,0
DA:12,0
DA:13,0
DA:14,0
DA:15,0
DA:16,0
DA:18,0
DA:19,0
DA:21,0
DA:22,0
DA:25,0
DA:26,0
DA:27,0
DA:29,0
DA:31,0
DA:32,0
DA:33,0
DA:38,0
DA:39,0
DA:40,0
DA:41,0
DA:42,0
DA:45,0
DA:46,0
DA:47,0
DA:48,0
DA:49,0
DA:50,0
DA:52,0
DA:53,0
DA:54,0
DA:55,0
DA:57,0
DA:58,0
DA:60,0
DA:61,0
DA:62,0
DA:66,0
LF:44
LH:0
BRDA:14,0,0,0
BRDA:14,0,1,0
BRDA:15,1,0,0
BRDA:15,1,1,0
BRDA:15,2,0,0
BRDA:15,2,1,0
BRDA:15,2,2,0
BRDA:15,2,3,0
BRDA:21,3,0,0
BRDA:21,3,1,0
BRDA:32,4,0,0
BRDA:32,4,1,0
BRDA:40,5,0,0
BRDA:40,5,1,0
BRDA:41,6,0,0
BRDA:41,6,1,0
BRDA:41,7,0,0
BRDA:41,7,1,0
BRDA:48,8,0,0
BRDA:48,8,1,0
BRDA:53,9,0,0
BRDA:53,9,1,0
BRDA:61,10,0,0
BRDA:61,10,1,0
BRF:24
BRH:0
end_of_record
TN:
SF:src/server/api/routes/chat.ts
FN:13,(anonymous_7)
FN:13,(anonymous_8)
FN:27,(anonymous_9)
FN:51,(anonymous_10)
FN:51,(anonymous_11)
FNF:5
FNH:0
FNDA:0,(anonymous_7)
FNDA:0,(anonymous_8)
FNDA:0,(anonymous_9)
FNDA:0,(anonymous_10)
FNDA:0,(anonymous_11)
DA:1,0
DA:3,0
DA:4,0
DA:5,0
DA:6,0
DA:7,0
DA:9,0
DA:10,0
DA:13,0
DA:14,0
DA:15,0
DA:16,0
DA:17,0
DA:19,0
DA:20,0
DA:21,0
DA:24,0
DA:25,0
DA:27,0
DA:39,0
DA:40,0
DA:42,0
DA:43,0
DA:45,0
DA:46,0
DA:51,0
DA:52,0
DA:53,0
DA:54,0
DA:55,0
DA:57,0
DA:58,0
DA:59,0
DA:62,0
DA:63,0
DA:64,0
DA:67,0
DA:68,0
DA:69,0
DA:72,0
DA:73,0
DA:74,0
DA:75,0
DA:78,0
DA:79,0
DA:81,0
DA:82,0
DA:84,0
DA:92,0
DA:93,0
DA:95,0
DA:96,0
DA:100,0
LF:53
LH:0
BRDA:16,0,0,0
BRDA:16,0,1,0
BRDA:17,1,0,0
BRDA:17,1,1,0
BRDA:19,2,0,0
BRDA:19,2,1,0
BRDA:54,3,0,0
BRDA:54,3,1,0
BRDA:55,4,0,0
BRDA:55,4,1,0
BRDA:55,5,0,0
BRDA:55,5,1,0
BRDA:57,6,0,0
BRDA:57,6,1,0
BRDA:57,7,0,0
BRDA:57,7,1,0
BRDA:62,8,0,0
BRDA:62,8,1,0
BRDA:62,9,0,0
BRDA:62,9,1,0
BRDA:62,9,2,0
BRDA:67,10,0,0
BRDA:67,10,1,0
BRDA:73,11,0,0
BRDA:73,11,1,0
BRF:25
BRH:0
end_of_record
TN:
SF:src/server/api/routes/events.ts
FN:13,(anonymous_7)
FN:13,(anonymous_8)
FN:40,(anonymous_9)
FN:40,(anonymous_10)
FN:63,(anonymous_11)
FN:63,(anonymous_12)
FN:80,(anonymous_13)
FN:80,(anonymous_14)
FN:92,(anonymous_15)
FN:92,(anonymous_16)
FN:95,(anonymous_17)
FN:109,(anonymous_18)
FN:109,(anonymous_19)
FNF:13
FNH:0
FNDA:0,(anonymous_7)
FNDA:0,(anonymous_8)
FNDA:0,(anonymous_9)
FNDA:0,(anonymous_10)
FNDA:0,(anonymous_11)
FNDA:0,(anonymous_12)
FNDA:0,(anonymous_13)
FNDA:0,(anonymous_14)
FNDA:0,(anonymous_15)
FNDA:0,(anonymous_16)
FNDA:0,(anonymous_17)
FNDA:0,(anonymous_18)
FNDA:0,(anonymous_19)
DA:1,0
DA:3,0
DA:4,0
DA:5,0
DA:6,0
DA:7,0
DA:8,0
DA:10,0
DA:11,0
DA:13,0
DA:14,0
DA:15,0
DA:16,0
DA:17,0
DA:20,0
DA:21,0
DA:23,0
DA:24,0
DA:25,0
DA:27,0
DA:30,0
DA:31,0
DA:33,0
DA:34,0
DA:35,0
DA:36,0
DA:40,0
DA:41,0
DA:42,0
DA:44,0
DA:45,0
DA:46,0
DA:47,0
DA:48,0
DA:50,0
DA:51,0
DA:52,0
DA:53,0
DA:54,0
DA:56,0
DA:57,0
DA:58,0
DA:59,0
DA:63,0
DA:64,0
DA:66,0
DA:67,0
DA:68,0
DA:72,0
DA:73,0
DA:74,0
DA:75,0
DA:76,0
DA:78,0
DA:79,0
DA:80,0
DA:81,0
DA:83,0
DA:84,0
DA:86,0
DA:87,0
DA:88,0
DA:92,0
DA:93,0
DA:94,0
DA:95,0
DA:96,0
DA:97,0
DA:99,0
DA:100,0
DA:101,0
DA:103,0
DA:104,0
DA:105,0
DA:106,0
DA:107,0
DA:109,0
DA:110,0
DA:112,0
DA:113,0
DA:114,0
DA:116,0
DA:117,0
DA:119,0
DA:120,0
DA:121,0
DA:122,0
DA:126,0
LF:88
LH:0
BRDA:15,0,0,0
BRDA:15,0,1,0
BRDA:16,1,0,0
BRDA:16,1,1,0
BRDA:23,2,0,0
BRDA:23,2,1,0
BRDA:23,3,0,0
BRDA:23,3,1,0
BRDA:23,4,0,0
BRDA:23,4,1,0
BRDA:24,5,0,0
BRDA:24,5,1,0
BRDA:24,6,0,0
BRDA:24,6,1,0
BRDA:24,6,2,0
BRDA:24,7,0,0
BRDA:24,7,1,0
BRDA:24,8,0,0
BRDA:24,8,1,0
BRDA:30,9,0,0
BRDA:30,9,1,0
BRDA:30,10,0,0
BRDA:30,10,1,0
BRDA:31,11,0,0
BRDA:31,11,1,0
BRDA:31,12,0,0
BRDA:31,12,1,0
BRDA:42,13,0,0
BRDA:42,13,1,0
BRDA:44,14,0,0
BRDA:44,14,1,0
BRDA:44,15,0,0
BRDA:44,15,1,0
BRDA:44,16,0,0
BRDA:44,16,1,0
BRDA:44,17,0,0
BRDA:44,17,1,0
BRDA:45,18,0,0
BRDA:45,18,1,0
BRDA:45,19,0,0
BRDA:45,19,1,0
BRDA:45,20,0,0
BRDA:45,20,1,0
BRDA:45,21,0,0
BRDA:45,21,1,0
BRDA:46,22,0,0
BRDA:46,22,1,0
BRDA:46,23,0,0
BRDA:46,23,1,0
BRDA:46,23,2,0
BRDA:46,23,3,0
BRDA:52,24,0,0
BRDA:52,24,1,0
BRDA:52,25,0,0
BRDA:52,25,1,0
BRDA:57,26,0,0
BRDA:57,26,1,0
BRDA:57,27,0,0
BRDA:57,27,1,0
BRDA:66,28,0,0
BRDA:66,28,1,0
BRDA:72,29,0,0
BRDA:72,29,1,0
BRDA:72,30,0,0
BRDA:72,30,1,0
BRDA:72,31,0,0
BRDA:72,31,1,0
BRDA:72,32,0,0
BRDA:72,32,1,0
BRDA:72,33,0,0
BRDA:72,33,1,0
BRDA:72,34,0,0
BRDA:72,34,1,0
BRDA:73,35,0,0
BRDA:73,35,1,0
BRDA:83,36,0,0
BRDA:83,36,1,0
BRDA:83,37,0,0
BRDA:83,37,1,0
BRDA:83,38,0,0
BRDA:83,38,1,0
BRDA:83,39,0,0
BRDA:83,39,1,0
BRDA:97,40,0,0
BRDA:97,40,1,0
BRDA:97,41,0,0
BRDA:97,41,1,0
BRDA:99,42,0,0
BRDA:99,42,1,0
BRDA:103,43,0,0
BRDA:103,43,1,0
BRDA:103,44,0,0
BRDA:103,44,1,0
BRDA:103,45,0,0
BRDA:103,45,1,0
BRDA:103,46,0,0
BRDA:103,46,1,0
BRDA:103,47,0,0
BRDA:103,47,1,0
BRDA:103,48,0,0
BRDA:103,48,1,0
BRDA:104,49,0,0
BRDA:104,49,1,0
BRDA:112,50,0,0
BRDA:112,50,1,0
BRF:105
BRH:0
end_of_record
TN:
SF:src/server/api/routes/logs.ts
FN:9,(anonymous_7)
FN:9,(anonymous_8)
FNF:2
FNH:0
FNDA:0,(anonymous_7)
FNDA:0,(anonymous_8)
DA:1,0
DA:3,0
DA:4,0
DA:6,0
DA:7,0
DA:9,0
DA:10,0
DA:11,0
DA:12,0
DA:13,0
DA:14,0
DA:15,0
DA:16,0
DA:17,0
DA:18,0
DA:20,0
DA:21,0
DA:22,0
DA:26,0
LF:19
LH:0
BRDA:11,0,0,0
BRDA:11,0,1,0
BRDA:12,1,0,0
BRDA:12,1,1,0
BRDA:13,2,0,0
BRDA:13,2,1,0
BRDA:14,3,0,0
BRDA:14,3,1,0
BRDA:15,4,0,0
BRDA:15,4,1,0
BRDA:15,5,0,0
BRDA:15,5,1,0
BRDA:17,6,0,0
BRDA:17,6,1,0
BRDA:20,7,0,0
BRDA:20,7,1,0
BRDA:20,8,0,0
BRDA:20,8,1,0
BRF:18
BRH:0
end_of_record
TN:
SF:src/server/api/routes/todos.ts
FN:19,(anonymous_7)
FN:19,(anonymous_8)
FN:31,(anonymous_9)
FN:65,(anonymous_10)
FN:65,(anonymous_11)
FN:143,(anonymous_12)
FN:143,(anonymous_13)
FN:225,(anonymous_14)
FN:225,(anonymous_15)
FN:284,(anonymous_16)
FN:284,(anonymous_17)
FNF:11
FNH:0
FNDA:0,(anonymous_7)
FNDA:0,(anonymous_8)
FNDA:0,(anonymous_9)
FNDA:0,(anonymous_10)
FNDA:0,(anonymous_11)
FNDA:0,(anonymous_12)
FNDA:0,(anonymous_13)
FNDA:0,(anonymous_14)
FNDA:0,(anonymous_15)
FNDA:0,(anonymous_16)
FNDA:0,(anonymous_17)
DA:1,0
DA:3,0
DA:4,0
DA:11,0
DA:12,0
DA:13,0
DA:15,0
DA:16,0
DA:19,0
DA:20,0
DA:21,0
DA:23,0
DA:24,0
DA:25,0
DA:28,0
DA:29,0
DA:31,0
DA:53,0
DA:54,0
DA:56,0
DA:57,0
DA:59,0
DA:60,0
DA:65,0
DA:66,0
DA:67,0
DA:68,0
DA:69,0
DA:71,0
DA:72,0
DA:73,0
DA:76,0
DA:77,0
DA:78,0
DA:81,0
DA:82,0
DA:83,0
DA:86,0
DA:87,0
DA:88,0
DA:89,0
DA:92,0
DA:93,0
DA:95,0
DA:96,0
DA:97,0
DA:98,0
DA:101,0
DA:102,0
DA:103,0
DA:104,0
DA:105,0
DA:106,0
DA:110,0
DA:111,0
DA:120,0
DA:121,0
DA:123,0
DA:136,0
DA:137,0
DA:138,0
DA:143,0
DA:144,0
DA:145,0
DA:146,0
DA:147,0
DA:149,0
DA:150,0
DA:151,0
DA:154,0
DA:155,0
DA:156,0
DA:159,0
DA:160,0
DA:161,0
DA:164,0
DA:165,0
DA:166,0
DA:167,0
DA:170,0
DA:171,0
DA:173,0
DA:174,0
DA:175,0
DA:176,0
DA:179,0
DA:180,0
DA:181,0
DA:182,0
DA:183,0
DA:184,0
DA:188,0
DA:189,0
DA:198,0
DA:199,0
DA:200,0
DA:203,0
DA:204,0
DA:206,0
DA:218,0
DA:219,0
DA:220,0
DA:225,0
DA:226,0
DA:227,0
DA:228,0
DA:229,0
DA:230,0
DA:232,0
DA:233,0
DA:234,0
DA:237,0
DA:238,0
DA:239,0
DA:242,0
DA:243,0
DA:244,0
DA:247,0
DA:248,0
DA:249,0
DA:252,0
DA:253,0
DA:260,0
DA:261,0
DA:262,0
DA:265,0
DA:266,0
DA:268,0
DA:277,0
DA:278,0
DA:279,0
DA:284,0
DA:285,0
DA:286,0
DA:287,0
DA:288,0
DA:290,0
DA:291,0
DA:292,0
DA:295,0
DA:296,0
DA:297,0
DA:300,0
DA:301,0
DA:302,0
DA:305,0
DA:306,0
DA:308,0
DA:309,0
DA:310,0
DA:313,0
DA:314,0
DA:316,0
DA:317,0
DA:318,0
DA:322,0
LF:156
LH:0
BRDA:23,0,0,0
BRDA:23,0,1,0
BRDA:45,1,0,0
BRDA:45,1,1,0
BRDA:68,2,0,0
BRDA:68,2,1,0
BRDA:69,3,0,0
BRDA:69,3,1,0
BRDA:69,4,0,0
BRDA:69,4,1,0
BRDA:71,5,0,0
BRDA:71,5,1,0
BRDA:76,6,0,0
BRDA:76,6,1,0
BRDA:81,7,0,0
BRDA:81,7,1,0
BRDA:81,8,0,0
BRDA:81,8,1,0
BRDA:81,8,2,0
BRDA:87,9,0,0
BRDA:87,9,1,0
BRDA:93,10,0,0
BRDA:93,10,1,0
BRDA:93,11,0,0
BRDA:93,11,1,0
BRDA:95,12,0,0
BRDA:95,12,1,0
BRDA:96,13,0,0
BRDA:96,13,1,0
BRDA:96,14,0,0
BRDA:96,14,1,0
BRDA:102,15,0,0
BRDA:102,15,1,0
BRDA:104,16,0,0
BRDA:104,16,1,0
BRDA:147,17,0,0
BRDA:147,17,1,0
BRDA:149,18,0,0
BRDA:149,18,1,0
BRDA:154,19,0,0
BRDA:154,19,1,0
BRDA:154,20,0,0
BRDA:154,20,1,0
BRDA:159,21,0,0
BRDA:159,21,1,0
BRDA:159,22,0,0
BRDA:159,22,1,0
BRDA:159,22,2,0
BRDA:165,23,0,0
BRDA:165,23,1,0
BRDA:171,24,0,0
BRDA:171,24,1,0
BRDA:171,25,0,0
BRDA:171,25,1,0
BRDA:173,26,0,0
BRDA:173,26,1,0
BRDA:174,27,0,0
BRDA:174,27,1,0
BRDA:174,28,0,0
BRDA:174,28,1,0
BRDA:180,29,0,0
BRDA:180,29,1,0
BRDA:182,30,0,0
BRDA:182,30,1,0
BRDA:198,31,0,0
BRDA:198,31,1,0
BRDA:229,32,0,0
BRDA:229,32,1,0
BRDA:230,33,0,0
BRDA:230,33,1,0
BRDA:230,34,0,0
BRDA:230,34,1,0
BRDA:232,35,0,0
BRDA:232,35,1,0
BRDA:237,36,0,0
BRDA:237,36,1,0
BRDA:237,37,0,0
BRDA:237,37,1,0
BRDA:242,38,0,0
BRDA:242,38,1,0
BRDA:247,39,0,0
BRDA:247,39,1,0
BRDA:260,40,0,0
BRDA:260,40,1,0
BRDA:288,41,0,0
BRDA:288,41,1,0
BRDA:288,42,0,0
BRDA:288,42,1,0
BRDA:290,43,0,0
BRDA:290,43,1,0
BRDA:295,44,0,0
BRDA:295,44,1,0
BRDA:295,45,0,0
BRDA:295,45,1,0
BRDA:300,46,0,0
BRDA:300,46,1,0
BRDA:308,47,0,0
BRDA:308,47,1,0
BRF:98
BRH:0
end_of_record
TN:
SF:src/server/api/routes/users.ts
FN:13,(anonymous_7)
FN:13,(anonymous_8)
FN:35,(anonymous_9)
FN:35,(anonymous_10)
FN:57,(anonymous_11)
FN:57,(anonymous_12)
FN:72,(anonymous_13)
FN:72,(anonymous_14)
FNF:8
FNH:0
FNDA:0,(anonymous_7)
FNDA:0,(anonymous_8)
FNDA:0,(anonymous_9)
FNDA:0,(anonymous_10)
FNDA:0,(anonymous_11)
FNDA:0,(anonymous_12)
FNDA:0,(anonymous_13)
FNDA:0,(anonymous_14)
DA:1,0
DA:3,0
DA:4,0
DA:5,0
DA:6,0
DA:7,0
DA:9,0
DA:10,0
DA:13,0
DA:14,0
DA:15,0
DA:16,0
DA:17,0
DA:18,0
DA:20,0
DA:21,0
DA:22,0
DA:23,0
DA:25,0
DA:26,0
DA:28,0
DA:29,0
DA:30,0
DA:35,0
DA:36,0
DA:37,0
DA:38,0
DA:39,0
DA:40,0
DA:41,0
DA:43,0
DA:44,0
DA:45,0
DA:47,0
DA:48,0
DA:49,0
DA:50,0
DA:52,0
DA:53,0
DA:56,0
DA:57,0
DA:58,0
DA:60,0
DA:61,0
DA:63,0
DA:65,0
DA:66,0
DA:67,0
DA:72,0
DA:73,0
DA:74,0
DA:75,0
DA:76,0
DA:77,0
DA:78,0
DA:80,0
DA:81,0
DA:82,0
DA:84,0
DA:85,0
DA:89,0
DA:90,0
DA:91,0
DA:92,0
DA:93,0
DA:95,0
DA:96,0
DA:97,0
DA:100,0
DA:101,0
DA:102,0
DA:103,0
DA:105,0
DA:106,0
DA:108,0
DA:109,0
DA:110,0
DA:114,0
LF:78
LH:0
BRDA:16,0,0,0
BRDA:16,0,1,0
BRDA:16,1,0,0
BRDA:16,1,1,0
BRDA:22,2,0,0
BRDA:22,2,1,0
BRDA:38,3,0,0
BRDA:38,3,1,0
BRDA:39,4,0,0
BRDA:39,4,1,0
BRDA:39,5,0,0
BRDA:39,5,1,0
BRDA:43,6,0,0
BRDA:43,6,1,0
BRDA:43,7,0,0
BRDA:43,7,1,0
BRDA:49,8,0,0
BRDA:49,8,1,0
BRDA:49,9,0,0
BRDA:49,9,1,0
BRDA:52,10,0,0
BRDA:52,10,1,0
BRDA:52,11,0,0
BRDA:52,11,1,0
BRDA:60,12,0,0
BRDA:60,12,1,0
BRDA:75,13,0,0
BRDA:75,13,1,0
BRDA:76,14,0,0
BRDA:76,14,1,0
BRDA:76,15,0,0
BRDA:76,15,1,0
BRDA:80,16,0,0
BRDA:80,16,1,0
BRDA:80,17,0,0
BRDA:80,17,1,0
BRDA:84,18,0,0
BRDA:84,18,1,0
BRDA:92,19,0,0
BRDA:92,19,1,0
BRDA:96,20,0,0
BRDA:96,20,1,0
BRDA:102,21,0,0
BRDA:102,21,1,0
BRF:44
BRH:0
end_of_record
TN:
SF:src/server/config/env.ts
FNF:0
FNH:0
DA:1,0
DA:21,0
DA:23,0
DA:39,0
LF:4
LH:0
BRDA:26,0,0,0
BRDA:26,0,1,0
BRDA:30,1,0,0
BRDA:30,1,1,0
BRDA:32,2,0,0
BRDA:32,2,1,0
BRDA:33,3,0,0
BRDA:33,3,1,0
BRDA:34,4,0,0
BRDA:34,4,1,0
BRDA:35,5,0,0
BRDA:35,5,1,0
BRF:12
BRH:0
end_of_record
TN:
SF:src/server/db/errors.ts
FN:3,(anonymous_0)
FN:11,(anonymous_1)
FN:18,(anonymous_2)
FN:25,(anonymous_3)
FN:31,mapPgError
FNF:5
FNH:0
FNDA:0,(anonymous_0)
FNDA:0,(anonymous_1)
FNDA:0,(anonymous_2)
FNDA:0,(anonymous_3)
FNDA:0,mapPgError
DA:1,0
DA:4,0
DA:5,0
DA:6,0
DA:10,0
DA:12,0
DA:13,0
DA:17,0
DA:19,0
DA:20,0
DA:24,0
DA:26,0
DA:27,0
DA:31,0
DA:32,0
DA:34,0
DA:36,0
DA:38,0
DA:40,0
LF:19
LH:0
BRDA:11,0,0,0
BRDA:18,1,0,0
BRDA:25,2,0,0
BRDA:32,3,0,0
BRDA:32,3,1,0
BRDA:32,3,2,0
BRDA:32,3,3,0
BRDA:32,4,0,0
BRDA:32,4,1,0
BRDA:32,5,0,0
BRDA:32,5,1,0
BRDA:34,6,0,0
BRDA:34,6,1,0
BRDA:36,7,0,0
BRDA:36,7,1,0
BRDA:38,8,0,0
BRDA:38,8,1,0
BRDA:40,9,0,0
BRDA:40,9,1,0
BRDA:40,10,0,0
BRDA:40,10,1,0
BRDA:40,11,0,0
BRDA:40,11,1,0
BRDA:40,12,0,0
BRDA:40,12,1,0
BRDA:40,13,0,0
BRDA:40,13,1,0
BRF:27
BRH:0
end_of_record
TN:
SF:src/server/db/pool.ts
FN:5,buildPool
FN:31,(anonymous_8)
FN:33,(anonymous_9)
FN:36,connectWithRetry
FN:36,(anonymous_11)
FN:46,(anonymous_12)
FN:52,withTransaction
FN:60,(anonymous_15)
FNF:8
FNH:0
FNDA:0,buildPool
FNDA:0,(anonymous_8)
FNDA:0,(anonymous_9)
FNDA:0,connectWithRetry
FNDA:0,(anonymous_11)
FNDA:0,(anonymous_12)
FNDA:0,withTransaction
FNDA:0,(anonymous_15)
DA:1,0
DA:3,0
DA:6,0
DA:7,0
DA:15,0
DA:28,0
DA:31,0
DA:32,0
DA:36,0
DA:37,0
DA:38,0
DA:39,0
DA:40,0
DA:41,0
DA:42,0
DA:44,0
DA:45,0
DA:46,0
DA:47,0
DA:52,0
DA:53,0
DA:54,0
DA:55,0
DA:56,0
DA:57,0
DA:58,0
DA:60,0
DA:61,0
DA:63,0
LF:29
LH:0
BRDA:6,0,0,0
BRDA:6,0,1,0
BRDA:12,1,0,0
BRDA:12,1,1,0
BRDA:24,2,0,0
BRDA:24,2,1,0
BRDA:36,3,0,0
BRDA:36,4,0,0
BRDA:45,5,0,0
BRDA:45,5,1,0
BRF:10
BRH:0
end_of_record
TN:
SF:src/server/db/queries/chat.ts
FN:34,createChatMessageTx
FNF:1
FNH:0
FNDA:0,createChatMessageTx
DA:3,0
DA:20,0
DA:27,0
DA:34,0
DA:38,0
DA:39,0
LF:6
LH:0
BRF:0
BRH:0
end_of_record
TN:
SF:src/server/db/queries/events.ts
FN:238,createEventTx
FN:767,existsDuplicateEvent
FN:792,listEventsTx
FNF:3
FNH:0
FNDA:0,createEventTx
FNDA:0,existsDuplicateEvent
FNDA:0,listEventsTx
DA:3,0
DA:11,0
DA:19,0
DA:27,0
DA:35,0
DA:43,0
DA:51,0
DA:59,0
DA:67,0
DA:75,0
DA:83,0
DA:91,0
DA:99,0
DA:107,0
DA:115,0
DA:123,0
DA:131,0
DA:139,0
DA:147,0
DA:155,0
DA:163,0
DA:171,0
DA:179,0
DA:187,0
DA:194,0
DA:200,0
DA:206,0
DA:211,0
DA:216,0
DA:221,0
DA:227,0
DA:233,0
DA:238,0
DA:240,0
DA:241,0
DA:242,0
DA:243,0
DA:244,0
DA:245,0
DA:247,0
DA:248,0
DA:250,0
DA:251,0
DA:252,0
DA:253,0
DA:254,0
DA:256,0
DA:257,0
DA:258,0
DA:259,0
DA:260,0
DA:261,0
DA:262,0
DA:263,0
DA:265,0
DA:266,0
DA:267,0
DA:268,0
DA:269,0
DA:270,0
DA:271,0
DA:272,0
DA:273,0
DA:274,0
DA:275,0
DA:276,0
DA:277,0
DA:279,0
DA:280,0
DA:281,0
DA:282,0
DA:283,0
DA:284,0
DA:285,0
DA:286,0
DA:288,0
DA:289,0
DA:290,0
DA:291,0
DA:292,0
DA:294,0
DA:297,0
DA:298,0
DA:299,0
DA:300,0
DA:301,0
DA:302,0
DA:304,0
DA:305,0
DA:306,0
DA:307,0
DA:308,0
DA:309,0
DA:311,0
DA:314,0
DA:315,0
DA:316,0
DA:317,0
DA:318,0
DA:319,0
DA:320,0
DA:321,0
DA:323,0
DA:324,0
DA:325,0
DA:326,0
DA:327,0
DA:328,0
DA:329,0
DA:330,0
DA:331,0
DA:332,0
DA:333,0
DA:334,0
DA:336,0
DA:337,0
DA:338,0
DA:339,0
DA:340,0
DA:342,0
DA:343,0
DA:344,0
DA:345,0
DA:346,0
DA:347,0
DA:349,0
DA:350,0
DA:351,0
DA:352,0
DA:353,0
DA:354,0
DA:356,0
DA:357,0
DA:358,0
DA:359,0
DA:360,0
DA:361,0
DA:362,0
DA:363,0
DA:364,0
DA:366,0
DA:367,0
DA:368,0
DA:369,0
DA:370,0
DA:372,0
DA:373,0
DA:374,0
DA:375,0
DA:376,0
DA:377,0
DA:378,0
DA:379,0
DA:381,0
DA:384,0
DA:387,0
DA:389,0
DA:390,0
DA:391,0
DA:392,0
DA:393,0
DA:394,0
DA:397,0
DA:398,0
DA:399,0
DA:400,0
DA:401,0
DA:402,0
DA:403,0
DA:404,0
DA:405,0
DA:406,0
DA:407,0
DA:408,0
DA:409,0
DA:410,0
DA:412,0
DA:413,0
DA:414,0
DA:415,0
DA:416,0
DA:417,0
DA:418,0
DA:419,0
DA:420,0
DA:421,0
DA:423,0
DA:426,0
DA:427,0
DA:428,0
DA:429,0
DA:430,0
DA:431,0
DA:433,0
DA:434,0
DA:435,0
DA:436,0
DA:437,0
DA:438,0
DA:439,0
DA:440,0
DA:441,0
DA:442,0
DA:444,0
DA:445,0
DA:446,0
DA:447,0
DA:448,0
DA:449,0
DA:450,0
DA:451,0
DA:453,0
DA:454,0
DA:455,0
DA:456,0
DA:457,0
DA:459,0
DA:462,0
DA:463,0
DA:464,0
DA:465,0
DA:466,0
DA:467,0
DA:468,0
DA:470,0
DA:471,0
DA:472,0
DA:473,0
DA:474,0
DA:475,0
DA:476,0
DA:477,0
DA:478,0
DA:480,0
DA:481,0
DA:482,0
DA:483,0
DA:484,0
DA:485,0
DA:486,0
DA:487,0
DA:489,0
DA:490,0
DA:491,0
DA:492,0
DA:493,0
DA:495,0
DA:498,0
DA:501,0
DA:504,0
DA:505,0
DA:506,0
DA:507,0
DA:508,0
DA:509,0
DA:512,0
DA:513,0
DA:514,0
DA:515,0
DA:516,0
DA:517,0
DA:518,0
DA:519,0
DA:521,0
DA:522,0
DA:523,0
DA:524,0
DA:525,0
DA:526,0
DA:527,0
DA:528,0
DA:529,0
DA:531,0
DA:532,0
DA:533,0
DA:534,0
DA:535,0
DA:536,0
DA:537,0
DA:538,0
DA:540,0
DA:541,0
DA:542,0
DA:543,0
DA:544,0
DA:546,0
DA:549,0
DA:552,0
DA:555,0
DA:556,0
DA:557,0
DA:558,0
DA:559,0
DA:560,0
DA:561,0
DA:563,0
DA:564,0
DA:565,0
DA:566,0
DA:567,0
DA:568,0
DA:569,0
DA:570,0
DA:571,0
DA:572,0
DA:573,0
DA:574,0
DA:576,0
DA:577,0
DA:578,0
DA:579,0
DA:580,0
DA:581,0
DA:583,0
DA:584,0
DA:585,0
DA:586,0
DA:587,0
DA:588,0
DA:590,0
DA:591,0
DA:593,0
DA:594,0
DA:595,0
DA:596,0
DA:598,0
DA:602,0
DA:603,0
DA:604,0
DA:605,0
DA:606,0
DA:607,0
DA:608,0
DA:609,0
DA:611,0
DA:612,0
DA:613,0
DA:614,0
DA:615,0
DA:616,0
DA:617,0
DA:618,0
DA:619,0
DA:620,0
DA:621,0
DA:622,0
DA:623,0
DA:624,0
DA:626,0
DA:627,0
DA:628,0
DA:629,0
DA:630,0
DA:631,0
DA:632,0
DA:633,0
DA:635,0
DA:636,0
DA:637,0
DA:638,0
DA:639,0
DA:641,0
DA:644,0
DA:645,0
DA:646,0
DA:647,0
DA:648,0
DA:649,0
DA:651,0
DA:652,0
DA:653,0
DA:654,0
DA:655,0
DA:656,0
DA:658,0
DA:660,0
DA:661,0
DA:662,0
DA:663,0
DA:664,0
DA:665,0
DA:667,0
DA:668,0
DA:669,0
DA:670,0
DA:671,0
DA:672,0
DA:673,0
DA:674,0
DA:675,0
DA:676,0
DA:677,0
DA:678,0
DA:679,0
DA:681,0
DA:682,0
DA:683,0
DA:684,0
DA:685,0
DA:686,0
DA:687,0
DA:688,0
DA:690,0
DA:691,0
DA:692,0
DA:693,0
DA:694,0
DA:696,0
DA:699,0
DA:700,0
DA:701,0
DA:702,0
DA:703,0
DA:704,0
DA:706,0
DA:707,0
DA:708,0
DA:709,0
DA:710,0
DA:711,0
DA:713,0
DA:716,0
DA:721,0
DA:722,0
DA:723,0
DA:724,0
DA:725,0
DA:726,0
DA:727,0
DA:728,0
DA:729,0
DA:731,0
DA:732,0
DA:733,0
DA:734,0
DA:735,0
DA:736,0
DA:737,0
DA:738,0
DA:739,0
DA:740,0
DA:741,0
DA:742,0
DA:744,0
DA:745,0
DA:746,0
DA:747,0
DA:748,0
DA:749,0
DA:750,0
DA:752,0
DA:753,0
DA:754,0
DA:755,0
DA:756,0
DA:757,0
DA:758,0
DA:760,0
DA:763,0
DA:767,0
DA:769,0
DA:770,0
DA:771,0
DA:772,0
DA:773,0
DA:775,0
DA:776,0
DA:777,0
DA:778,0
DA:779,0
DA:780,0
DA:781,0
DA:782,0
DA:784,0
DA:792,0
DA:794,0
DA:795,0
DA:796,0
DA:797,0
DA:798,0
DA:800,0
DA:801,0
DA:802,0
DA:803,0
DA:804,0
DA:805,0
DA:807,0
LF:487
LH:0
BRDA:247,0,0,0
BRDA:247,0,1,0
BRDA:247,1,0,0
BRDA:247,1,1,0
BRDA:247,2,0,0
BRDA:247,2,1,0
BRDA:248,3,0,0
BRDA:248,3,1,0
BRDA:248,4,0,0
BRDA:248,4,1,0
BRDA:248,5,0,0
BRDA:248,5,1,0
BRDA:250,6,0,0
BRDA:250,6,1,0
BRDA:250,7,0,0
BRDA:250,7,1,0
BRDA:251,8,0,0
BRDA:251,8,1,0
BRDA:252,9,0,0
BRDA:252,9,1,0
BRDA:253,10,0,0
BRDA:253,10,1,0
BRDA:254,11,0,0
BRDA:254,11,1,0
BRDA:254,11,2,0
BRDA:254,12,0,0
BRDA:254,12,1,0
BRDA:254,13,0,0
BRDA:254,13,1,0
BRDA:256,14,0,0
BRDA:256,14,1,0
BRDA:256,14,2,0
BRDA:256,15,0,0
BRDA:256,15,1,0
BRDA:256,16,0,0
BRDA:256,16,1,0
BRDA:257,17,0,0
BRDA:257,17,1,0
BRDA:265,18,0,0
BRDA:265,18,1,0
BRDA:265,19,0,0
BRDA:265,19,1,0
BRDA:265,20,0,0
BRDA:265,20,1,0
BRDA:266,21,0,0
BRDA:266,21,1,0
BRDA:266,22,0,0
BRDA:266,22,1,0
BRDA:266,23,0,0
BRDA:266,23,1,0
BRDA:267,24,0,0
BRDA:267,24,1,0
BRDA:267,24,2,0
BRDA:267,25,0,0
BRDA:267,25,1,0
BRDA:267,26,0,0
BRDA:267,26,1,0
BRDA:268,27,0,0
BRDA:268,27,1,0
BRDA:269,28,0,0
BRDA:269,28,1,0
BRDA:270,29,0,0
BRDA:270,29,1,0
BRDA:271,30,0,0
BRDA:271,30,1,0
BRDA:279,31,0,0
BRDA:279,31,1,0
BRDA:279,32,0,0
BRDA:279,32,1,0
BRDA:279,33,0,0
BRDA:279,33,1,0
BRDA:280,34,0,0
BRDA:280,34,1,0
BRDA:280,35,0,0
BRDA:280,35,1,0
BRDA:280,36,0,0
BRDA:280,36,1,0
BRDA:281,37,0,0
BRDA:281,37,1,0
BRDA:281,38,0,0
BRDA:281,38,1,0
BRDA:281,39,0,0
BRDA:281,39,1,0
BRDA:282,40,0,0
BRDA:282,40,1,0
BRDA:288,41,0,0
BRDA:288,41,1,0
BRDA:297,42,0,0
BRDA:297,42,1,0
BRDA:297,43,0,0
BRDA:297,43,1,0
BRDA:304,44,0,0
BRDA:304,44,1,0
BRDA:314,45,0,0
BRDA:314,45,1,0
BRDA:323,46,0,0
BRDA:323,46,1,0
BRDA:323,47,0,0
BRDA:323,47,1,0
BRDA:323,48,0,0
BRDA:323,48,1,0
BRDA:324,49,0,0
BRDA:324,49,1,0
BRDA:324,50,0,0
BRDA:324,50,1,0
BRDA:324,51,0,0
BRDA:324,51,1,0
BRDA:325,52,0,0
BRDA:325,52,1,0
BRDA:326,53,0,0
BRDA:326,53,1,0
BRDA:327,54,0,0
BRDA:327,54,1,0
BRDA:328,55,0,0
BRDA:328,55,1,0
BRDA:328,56,0,0
BRDA:328,56,1,0
BRDA:328,57,0,0
BRDA:328,57,1,0
BRDA:329,58,0,0
BRDA:329,58,1,0
BRDA:329,59,0,0
BRDA:329,59,1,0
BRDA:329,60,0,0
BRDA:329,60,1,0
BRDA:330,61,0,0
BRDA:330,61,1,0
BRDA:336,62,0,0
BRDA:336,62,1,0
BRDA:342,63,0,0
BRDA:342,63,1,0
BRDA:342,64,0,0
BRDA:342,64,1,0
BRDA:349,65,0,0
BRDA:349,65,1,0
BRDA:356,66,0,0
BRDA:356,66,1,0
BRDA:356,67,0,0
BRDA:356,67,1,0
BRDA:356,68,0,0
BRDA:356,68,1,0
BRDA:357,69,0,0
BRDA:357,69,1,0
BRDA:357,70,0,0
BRDA:357,70,1,0
BRDA:357,71,0,0
BRDA:357,71,1,0
BRDA:358,72,0,0
BRDA:358,72,1,0
BRDA:358,73,0,0
BRDA:358,73,1,0
BRDA:358,74,0,0
BRDA:358,74,1,0
BRDA:359,75,0,0
BRDA:359,75,1,0
BRDA:359,76,0,0
BRDA:359,76,1,0
BRDA:359,77,0,0
BRDA:359,77,1,0
BRDA:360,78,0,0
BRDA:360,78,1,0
BRDA:366,79,0,0
BRDA:366,79,1,0
BRDA:372,80,0,0
BRDA:372,80,1,0
BRDA:373,81,0,0
BRDA:373,81,1,0
BRDA:374,82,0,0
BRDA:374,82,1,0
BRDA:374,83,0,0
BRDA:374,83,1,0
BRDA:387,84,0,0
BRDA:387,84,1,0
BRDA:397,85,0,0
BRDA:397,85,1,0
BRDA:397,86,0,0
BRDA:397,86,1,0
BRDA:397,87,0,0
BRDA:397,87,1,0
BRDA:398,88,0,0
BRDA:398,88,1,0
BRDA:398,89,0,0
BRDA:398,89,1,0
BRDA:398,90,0,0
BRDA:398,90,1,0
BRDA:399,91,0,0
BRDA:399,91,1,0
BRDA:399,92,0,0
BRDA:399,92,1,0
BRDA:400,93,0,0
BRDA:400,93,1,0
BRDA:401,94,0,0
BRDA:401,94,1,0
BRDA:402,95,0,0
BRDA:402,95,1,0
BRDA:402,95,2,0
BRDA:402,96,0,0
BRDA:402,96,1,0
BRDA:402,97,0,0
BRDA:402,97,1,0
BRDA:403,98,0,0
BRDA:403,98,1,0
BRDA:403,98,2,0
BRDA:403,99,0,0
BRDA:403,99,1,0
BRDA:403,100,0,0
BRDA:403,100,1,0
BRDA:404,101,0,0
BRDA:404,101,1,0
BRDA:412,102,0,0
BRDA:412,102,1,0
BRDA:412,103,0,0
BRDA:412,103,1,0
BRDA:412,104,0,0
BRDA:412,104,1,0
BRDA:413,105,0,0
BRDA:413,105,1,0
BRDA:413,106,0,0
BRDA:413,106,1,0
BRDA:413,107,0,0
BRDA:413,107,1,0
BRDA:414,108,0,0
BRDA:414,108,1,0
BRDA:415,109,0,0
BRDA:415,109,1,0
BRDA:416,110,0,0
BRDA:416,110,1,0
BRDA:416,111,0,0
BRDA:416,111,1,0
BRDA:426,112,0,0
BRDA:426,112,1,0
BRDA:433,113,0,0
BRDA:433,113,1,0
BRDA:433,114,0,0
BRDA:433,114,1,0
BRDA:433,115,0,0
BRDA:433,115,1,0
BRDA:434,116,0,0
BRDA:434,116,1,0
BRDA:434,117,0,0
BRDA:434,117,1,0
BRDA:434,118,0,0
BRDA:434,118,1,0
BRDA:435,119,0,0
BRDA:435,119,1,0
BRDA:435,119,2,0
BRDA:435,119,3,0
BRDA:435,119,4,0
BRDA:435,120,0,0
BRDA:435,120,1,0
BRDA:435,121,0,0
BRDA:435,121,1,0
BRDA:435,122,0,0
BRDA:435,122,1,0
BRDA:435,123,0,0
BRDA:435,123,1,0
BRDA:436,124,0,0
BRDA:436,124,1,0
BRDA:436,124,2,0
BRDA:436,125,0,0
BRDA:436,125,1,0
BRDA:436,126,0,0
BRDA:436,126,1,0
BRDA:437,127,0,0
BRDA:437,127,1,0
BRDA:444,128,0,0
BRDA:444,128,1,0
BRDA:444,129,0,0
BRDA:444,129,1,0
BRDA:444,130,0,0
BRDA:444,130,1,0
BRDA:445,131,0,0
BRDA:445,131,1,0
BRDA:445,132,0,0
BRDA:445,132,1,0
BRDA:445,133,0,0
BRDA:445,133,1,0
BRDA:446,134,0,0
BRDA:446,134,1,0
BRDA:446,135,0,0
BRDA:446,135,1,0
BRDA:446,136,0,0
BRDA:446,136,1,0
BRDA:447,137,0,0
BRDA:447,137,1,0
BRDA:453,138,0,0
BRDA:453,138,1,0
BRDA:462,139,0,0
BRDA:462,139,1,0
BRDA:470,140,0,0
BRDA:470,140,1,0
BRDA:470,141,0,0
BRDA:470,141,1,0
BRDA:470,142,0,0
BRDA:470,142,1,0
BRDA:471,143,0,0
BRDA:471,143,1,0
BRDA:471,144,0,0
BRDA:471,144,1,0
BRDA:471,145,0,0
BRDA:471,145,1,0
BRDA:472,146,0,0
BRDA:472,146,1,0
BRDA:472,146,2,0
BRDA:472,147,0,0
BRDA:472,147,1,0
BRDA:472,148,0,0
BRDA:472,148,1,0
BRDA:473,149,0,0
BRDA:473,149,1,0
BRDA:480,150,0,0
BRDA:480,150,1,0
BRDA:480,151,0,0
BRDA:480,151,1,0
BRDA:480,152,0,0
BRDA:480,152,1,0
BRDA:481,153,0,0
BRDA:481,153,1,0
BRDA:481,154,0,0
BRDA:481,154,1,0
BRDA:481,155,0,0
BRDA:481,155,1,0
BRDA:482,156,0,0
BRDA:482,156,1,0
BRDA:482,157,0,0
BRDA:482,157,1,0
BRDA:482,158,0,0
BRDA:482,158,1,0
BRDA:483,159,0,0
BRDA:483,159,1,0
BRDA:489,160,0,0
BRDA:489,160,1,0
BRDA:504,161,0,0
BRDA:504,161,1,0
BRDA:504,162,0,0
BRDA:504,162,1,0
BRDA:512,163,0,0
BRDA:512,163,1,0
BRDA:512,163,2,0
BRDA:512,164,0,0
BRDA:512,164,1,0
BRDA:512,165,0,0
BRDA:512,165,1,0
BRDA:513,166,0,0
BRDA:513,166,1,0
BRDA:521,167,0,0
BRDA:521,167,1,0
BRDA:521,168,0,0
BRDA:521,168,1,0
BRDA:521,169,0,0
BRDA:521,169,1,0
BRDA:522,170,0,0
BRDA:522,170,1,0
BRDA:522,171,0,0
BRDA:522,171,1,0
BRDA:522,172,0,0
BRDA:522,172,1,0
BRDA:523,173,0,0
BRDA:523,173,1,0
BRDA:523,173,2,0
BRDA:523,174,0,0
BRDA:523,174,1,0
BRDA:523,175,0,0
BRDA:523,175,1,0
BRDA:524,176,0,0
BRDA:524,176,1,0
BRDA:531,177,0,0
BRDA:531,177,1,0
BRDA:531,178,0,0
BRDA:531,178,1,0
BRDA:531,179,0,0
BRDA:531,179,1,0
BRDA:532,180,0,0
BRDA:532,180,1,0
BRDA:532,181,0,0
BRDA:532,181,1,0
BRDA:532,182,0,0
BRDA:532,182,1,0
BRDA:533,183,0,0
BRDA:533,183,1,0
BRDA:533,184,0,0
BRDA:533,184,1,0
BRDA:533,185,0,0
BRDA:533,185,1,0
BRDA:534,186,0,0
BRDA:534,186,1,0
BRDA:540,187,0,0
BRDA:540,187,1,0
BRDA:555,188,0,0
BRDA:555,188,1,0
BRDA:555,189,0,0
BRDA:555,189,1,0
BRDA:563,190,0,0
BRDA:563,190,1,0
BRDA:563,191,0,0
BRDA:563,191,1,0
BRDA:563,192,0,0
BRDA:563,192,1,0
BRDA:564,193,0,0
BRDA:564,193,1,0
BRDA:564,194,0,0
BRDA:564,194,1,0
BRDA:564,195,0,0
BRDA:564,195,1,0
BRDA:565,196,0,0
BRDA:565,196,1,0
BRDA:566,197,0,0
BRDA:566,197,1,0
BRDA:566,197,2,0
BRDA:566,198,0,0
BRDA:566,198,1,0
BRDA:566,199,0,0
BRDA:566,199,1,0
BRDA:567,200,0,0
BRDA:567,200,1,0
BRDA:567,200,2,0
BRDA:567,201,0,0
BRDA:567,201,1,0
BRDA:567,202,0,0
BRDA:567,202,1,0
BRDA:568,203,0,0
BRDA:568,203,1,0
BRDA:568,203,2,0
BRDA:568,204,0,0
BRDA:568,204,1,0
BRDA:568,205,0,0
BRDA:568,205,1,0
BRDA:569,206,0,0
BRDA:569,206,1,0
BRDA:576,207,0,0
BRDA:576,207,1,0
BRDA:583,208,0,0
BRDA:583,208,1,0
BRDA:590,209,0,0
BRDA:590,209,1,0
BRDA:602,210,0,0
BRDA:602,210,1,0
BRDA:602,210,2,0
BRDA:602,211,0,0
BRDA:602,211,1,0
BRDA:602,212,0,0
BRDA:602,212,1,0
BRDA:603,213,0,0
BRDA:603,213,1,0
BRDA:611,214,0,0
BRDA:611,214,1,0
BRDA:611,215,0,0
BRDA:611,215,1,0
BRDA:611,216,0,0
BRDA:611,216,1,0
BRDA:612,217,0,0
BRDA:612,217,1,0
BRDA:612,218,0,0
BRDA:612,218,1,0
BRDA:612,219,0,0
BRDA:612,219,1,0
BRDA:613,220,0,0
BRDA:613,220,1,0
BRDA:614,221,0,0
BRDA:614,221,1,0
BRDA:615,222,0,0
BRDA:615,222,1,0
BRDA:616,223,0,0
BRDA:616,223,1,0
BRDA:616,223,2,0
BRDA:616,224,0,0
BRDA:616,224,1,0
BRDA:616,225,0,0
BRDA:616,225,1,0
BRDA:617,226,0,0
BRDA:617,226,1,0
BRDA:617,226,2,0
BRDA:617,227,0,0
BRDA:617,227,1,0
BRDA:617,228,0,0
BRDA:617,228,1,0
BRDA:618,229,0,0
BRDA:618,229,1,0
BRDA:626,230,0,0
BRDA:626,230,1,0
BRDA:626,231,0,0
BRDA:626,231,1,0
BRDA:626,232,0,0
BRDA:626,232,1,0
BRDA:627,233,0,0
BRDA:627,233,1,0
BRDA:627,234,0,0
BRDA:627,234,1,0
BRDA:627,235,0,0
BRDA:627,235,1,0
BRDA:628,236,0,0
BRDA:628,236,1,0
BRDA:628,237,0,0
BRDA:628,237,1,0
BRDA:628,238,0,0
BRDA:628,238,1,0
BRDA:629,239,0,0
BRDA:629,239,1,0
BRDA:635,240,0,0
BRDA:635,240,1,0
BRDA:644,241,0,0
BRDA:644,241,1,0
BRDA:644,242,0,0
BRDA:644,242,1,0
BRDA:651,243,0,0
BRDA:651,243,1,0
BRDA:658,244,0,0
BRDA:658,244,1,0
BRDA:667,245,0,0
BRDA:667,245,1,0
BRDA:667,246,0,0
BRDA:667,246,1,0
BRDA:667,247,0,0
BRDA:667,247,1,0
BRDA:668,248,0,0
BRDA:668,248,1,0
BRDA:668,249,0,0
BRDA:668,249,1,0
BRDA:668,250,0,0
BRDA:668,250,1,0
BRDA:669,251,0,0
BRDA:669,251,1,0
BRDA:670,252,0,0
BRDA:670,252,1,0
BRDA:671,253,0,0
BRDA:671,253,1,0
BRDA:672,254,0,0
BRDA:672,254,1,0
BRDA:672,254,2,0
BRDA:672,255,0,0
BRDA:672,255,1,0
BRDA:672,256,0,0
BRDA:672,256,1,0
BRDA:673,257,0,0
BRDA:673,257,1,0
BRDA:681,258,0,0
BRDA:681,258,1,0
BRDA:681,259,0,0
BRDA:681,259,1,0
BRDA:681,260,0,0
BRDA:681,260,1,0
BRDA:682,261,0,0
BRDA:682,261,1,0
BRDA:682,262,0,0
BRDA:682,262,1,0
BRDA:682,263,0,0
BRDA:682,263,1,0
BRDA:683,264,0,0
BRDA:683,264,1,0
BRDA:683,265,0,0
BRDA:683,265,1,0
BRDA:683,266,0,0
BRDA:683,266,1,0
BRDA:684,267,0,0
BRDA:684,267,1,0
BRDA:690,268,0,0
BRDA:690,268,1,0
BRDA:699,269,0,0
BRDA:699,269,1,0
BRDA:699,270,0,0
BRDA:699,270,1,0
BRDA:706,271,0,0
BRDA:706,271,1,0
BRDA:721,272,0,0
BRDA:721,272,1,0
BRDA:721,272,2,0
BRDA:721,273,0,0
BRDA:721,273,1,0
BRDA:721,274,0,0
BRDA:721,274,1,0
BRDA:722,275,0,0
BRDA:722,275,1,0
BRDA:731,276,0,0
BRDA:731,276,1,0
BRDA:731,277,0,0
BRDA:731,277,1,0
BRDA:731,278,0,0
BRDA:731,278,1,0
BRDA:732,279,0,0
BRDA:732,279,1,0
BRDA:732,280,0,0
BRDA:732,280,1,0
BRDA:732,281,0,0
BRDA:732,281,1,0
BRDA:733,282,0,0
BRDA:733,282,1,0
BRDA:734,283,0,0
BRDA:734,283,1,0
BRDA:735,284,0,0
BRDA:735,284,1,0
BRDA:736,285,0,0
BRDA:736,285,1,0
BRDA:736,285,2,0
BRDA:736,286,0,0
BRDA:736,286,1,0
BRDA:736,287,0,0
BRDA:736,287,1,0
BRDA:737,288,0,0
BRDA:737,288,1,0
BRDA:744,289,0,0
BRDA:744,289,1,0
BRDA:744,290,0,0
BRDA:744,290,1,0
BRDA:752,291,0,0
BRDA:752,291,1,0
BRDA:773,292,0,0
BRDA:773,292,1,0
BRDA:775,293,0,0
BRDA:775,293,1,0
BRDA:775,294,0,0
BRDA:775,294,1,0
BRDA:775,295,0,0
BRDA:775,295,1,0
BRDA:776,296,0,0
BRDA:776,296,1,0
BRDA:776,297,0,0
BRDA:776,297,1,0
BRDA:776,298,0,0
BRDA:776,298,1,0
BRDA:777,299,0,0
BRDA:777,299,1,0
BRDA:778,300,0,0
BRDA:778,300,1,0
BRDA:782,301,0,0
BRDA:782,301,1,0
BRDA:800,302,0,0
BRDA:800,302,1,0
BRDA:800,303,0,0
BRDA:800,303,1,0
BRDA:800,304,0,0
BRDA:800,304,1,0
BRDA:801,305,0,0
BRDA:801,305,1,0
BRDA:801,306,0,0
BRDA:801,306,1,0
BRDA:801,306,2,0
BRDA:801,307,0,0
BRDA:801,307,1,0
BRDA:801,308,0,0
BRDA:801,308,1,0
BRF:640
BRH:0
end_of_record
TN:
SF:src/server/db/queries/registrations.ts
FN:16,registerTx
FNF:1
FNH:0
FNDA:0,registerTx
DA:3,0
DA:11,0
DA:16,0
DA:17,0
DA:18,0
DA:19,0
DA:20,0
DA:21,0
DA:30,0
DA:31,0
DA:33,0
DA:34,0
DA:35,0
DA:36,0
DA:38,0
DA:39,0
DA:40,0
DA:42,0
DA:50,0
LF:19
LH:0
BRDA:19,0,0,0
BRDA:19,0,1,0
BRDA:19,1,0,0
BRDA:19,1,1,0
BRDA:19,2,0,0
BRDA:19,2,1,0
BRDA:20,3,0,0
BRDA:20,3,1,0
BRDA:20,4,0,0
BRDA:20,4,1,0
BRDA:20,5,0,0
BRDA:20,5,1,0
BRDA:34,6,0,0
BRDA:34,6,1,0
BRDA:34,7,0,0
BRDA:34,7,1,0
BRDA:34,8,0,0
BRDA:34,8,1,0
BRDA:36,9,0,0
BRDA:36,9,1,0
BRDA:39,10,0,0
BRDA:39,10,1,0
BRDA:40,11,0,0
BRDA:40,11,1,0
BRDA:40,12,0,0
BRDA:40,12,1,0
BRDA:50,13,0,0
BRDA:50,13,1,0
BRF:28
BRH:0
end_of_record
TN:
SF:src/server/db/queries/todos.ts
FN:65,createTodoItemTx
FNF:1
FNH:0
FNDA:0,createTodoItemTx
DA:3,0
DA:35,0
DA:42,0
DA:50,0
DA:58,0
DA:65,0
DA:69,0
DA:70,0
LF:8
LH:0
BRF:0
BRH:0
end_of_record
TN:
SF:src/server/db/queries/users.ts
FN:39,createUserTx
FN:54,getUserByEmailTx
FN:59,updateUserProfileTx
FNF:3
FNH:0
FNDA:0,createUserTx
FNDA:0,getUserByEmailTx
FNDA:0,updateUserProfileTx
DA:3,0
DA:10,0
DA:17,0
DA:23,0
DA:28,0
DA:34,0
DA:39,0
DA:40,0
DA:41,0
DA:42,0
DA:43,0
DA:45,0
DA:46,0
DA:47,0
DA:48,0
DA:50,0
DA:54,0
DA:55,0
DA:56,0
DA:59,0
DA:60,0
DA:61,0
LF:22
LH:0
BRDA:45,0,0,0
BRDA:45,0,1,0
BRDA:45,1,0,0
BRDA:45,1,1,0
BRDA:46,2,0,0
BRDA:46,2,1,0
BRDA:46,3,0,0
BRDA:46,3,1,0
BRDA:46,3,2,0
BRDA:56,4,0,0
BRDA:56,4,1,0
BRDA:61,5,0,0
BRDA:61,5,1,0
BRF:13
BRH:0
end_of_record
TN:
SF:src/server/websocket/server.ts
FN:36,(anonymous_0)
FN:47,(anonymous_1)
FN:48,(anonymous_2)
FN:55,(anonymous_3)
FN:65,(anonymous_4)
FN:69,(anonymous_5)
FN:82,(anonymous_6)
FN:88,(anonymous_7)
FN:117,(anonymous_8)
FN:141,(anonymous_9)
FN:164,(anonymous_10)
FN:184,(anonymous_11)
FN:189,(anonymous_12)
FN:209,(anonymous_13)
FN:210,(anonymous_14)
FN:219,(anonymous_15)
FN:229,(anonymous_16)
FN:237,(anonymous_17)
FN:241,(anonymous_18)
FN:245,(anonymous_19)
FN:246,(anonymous_20)
FN:253,(anonymous_21)
FNF:22
FNH:0
FNDA:0,(anonymous_0)
FNDA:0,(anonymous_1)
FNDA:0,(anonymous_2)
FNDA:0,(anonymous_3)
FNDA:0,(anonymous_4)
FNDA:0,(anonymous_5)
FNDA:0,(anonymous_6)
FNDA:0,(anonymous_7)
FNDA:0,(anonymous_8)
FNDA:0,(anonymous_9)
FNDA:0,(anonymous_10)
FNDA:0,(anonymous_11)
FNDA:0,(anonymous_12)
FNDA:0,(anonymous_13)
FNDA:0,(anonymous_14)
FNDA:0,(anonymous_15)
FNDA:0,(anonymous_16)
FNDA:0,(anonymous_17)
FNDA:0,(anonymous_18)
FNDA:0,(anonymous_19)
FNDA:0,(anonymous_20)
FNDA:0,(anonymous_21)
DA:1,0
DA:4,0
DA:5,0
DA:7,0
DA:32,0
DA:34,0
DA:37,0
DA:38,0
DA:40,0
DA:43,0
DA:44,0
DA:48,0
DA:49,0
DA:50,0
DA:52,0
DA:53,0
DA:55,0
DA:56,0
DA:57,0
DA:58,0
DA:60,0
DA:61,0
DA:65,0
DA:66,0
DA:69,0
DA:70,0
DA:71,0
DA:75,0
DA:82,0
DA:83,0
DA:84,0
DA:89,0
DA:91,0
DA:93,0
DA:94,0
DA:96,0
DA:97,0
DA:99,0
DA:100,0
DA:102,0
DA:103,0
DA:104,0
DA:110,0
DA:113,0
DA:118,0
DA:119,0
DA:121,0
DA:122,0
DA:123,0
DA:127,0
DA:134,0
DA:142,0
DA:143,0
DA:145,0
DA:146,0
DA:149,0
DA:150,0
DA:153,0
DA:160,0
DA:165,0
DA:166,0
DA:168,0
DA:169,0
DA:170,0
DA:173,0
DA:180,0
DA:185,0
DA:188,0
DA:189,0
DA:190,0
DA:199,0
DA:202,0
DA:210,0
DA:211,0
DA:214,0
DA:220,0
DA:221,0
DA:222,0
DA:224,0
DA:230,0
DA:238,0
DA:242,0
DA:246,0
DA:247,0
DA:253,0
DA:254,0
LF:86
LH:0
BRDA:37,0,0,0
BRDA:37,0,1,0
BRDA:44,1,0,0
BRDA:44,1,1,0
BRDA:91,2,0,0
BRDA:91,2,1,0
BRDA:91,2,2,0
BRDA:91,2,3,0
BRDA:91,2,4,0
BRDA:102,3,0,0
BRDA:102,3,1,0
BRDA:102,4,0,0
BRDA:102,4,1,0
BRDA:103,5,0,0
BRDA:103,5,1,0
BRDA:121,6,0,0
BRDA:121,6,1,0
BRDA:142,7,0,0
BRDA:142,7,1,0
BRDA:143,8,0,0
BRDA:143,8,1,0
BRDA:145,9,0,0
BRDA:145,9,1,0
BRDA:149,10,0,0
BRDA:149,10,1,0
BRDA:165,11,0,0
BRDA:165,11,1,0
BRDA:166,12,0,0
BRDA:166,12,1,0
BRDA:166,13,0,0
BRDA:166,13,1,0
BRDA:169,14,0,0
BRDA:169,14,1,0
BRDA:188,15,0,0
BRDA:188,15,1,0
BRDA:211,16,0,0
BRDA:211,16,1,0
BRDA:211,17,0,0
BRDA:211,17,1,0
BRDA:211,17,2,0
BRDA:212,18,0,0
BRDA:212,18,1,0
BRDA:212,19,0,0
BRDA:212,19,1,0
BRDA:220,20,0,0
BRDA:220,20,1,0
BRF:46
BRH:0
end_of_record
TN:
SF:src/shared/components/DateTimeField.tsx
FN:17,DateTimeField
FNF:1
FNH:0
FNDA:0,DateTimeField
DA:17,0
DA:30,0
DA:31,0
DA:32,0
DA:33,0
DA:34,0
DA:35,0
LF:7
LH:0
BRDA:30,0,0,0
BRDA:30,0,1,0
BRDA:31,1,0,0
BRDA:31,1,1,0
BRDA:32,2,0,0
BRDA:32,2,1,0
BRDA:33,3,0,0
BRDA:33,3,1,0
BRDA:38,4,0,0
BRDA:38,4,1,0
BRDA:40,5,0,0
BRDA:40,5,1,0
BRDA:58,6,0,0
BRDA:58,6,1,0
BRF:14
BRH:0
end_of_record
TN:
SF:src/shared/components/ErrorBoundary.tsx
FN:16,(anonymous_0)
FN:21,(anonymous_1)
FN:25,(anonymous_2)
FN:31,(anonymous_3)
FN:62,(anonymous_4)
FNF:5
FNH:0
FNDA:0,(anonymous_0)
FNDA:0,(anonymous_1)
FNDA:0,(anonymous_2)
FNDA:0,(anonymous_3)
FNDA:0,(anonymous_4)
DA:1,0
DA:3,0
DA:4,0
DA:17,0
DA:22,0
DA:26,0
DA:27,0
DA:28,0
DA:32,0
DA:33,0
DA:34,0
DA:37,0
DA:62,0
DA:72,0
DA:76,0
LF:15
LH:0
BRDA:32,0,0,0
BRDA:32,0,1,0
BRDA:33,1,0,0
BRDA:33,1,1,0
BRF:4
BRH:0
end_of_record
TN:
SF:src/shared/components/NumberField.tsx
FN:19,NumberField
FNF:1
FNH:0
FNDA:0,NumberField
DA:19,0
DA:34,0
DA:35,0
DA:36,0
DA:37,0
DA:38,0
DA:39,0
LF:7
LH:0
BRDA:34,0,0,0
BRDA:34,0,1,0
BRDA:35,1,0,0
BRDA:35,1,1,0
BRDA:36,2,0,0
BRDA:36,2,1,0
BRDA:37,3,0,0
BRDA:37,3,1,0
BRDA:41,4,0,0
BRDA:41,4,1,0
BRDA:43,5,0,0
BRDA:43,5,1,0
BRDA:46,6,0,0
BRDA:46,6,1,0
BRDA:53,7,0,0
BRDA:53,7,1,0
BRDA:66,8,0,0
BRDA:66,8,1,0
BRF:18
BRH:0
end_of_record
TN:
SF:src/shared/components/TextField.tsx
FN:19,TextField
FNF:1
FNH:1
FNDA:24,TextField
DA:19,1
DA:34,24
DA:35,24
DA:36,24
DA:37,24
DA:38,24
DA:39,24
LF:7
LH:7
BRDA:29,0,0,22
BRDA:34,1,0,24
BRDA:34,1,1,23
BRDA:35,2,0,3
BRDA:35,2,1,21
BRDA:36,3,0,5
BRDA:36,3,1,19
BRDA:37,4,0,24
BRDA:37,4,1,17
BRDA:40,5,0,24
BRDA:40,5,1,23
BRDA:41,6,0,2
BRDA:41,6,1,22
BRDA:43,7,0,1
BRDA:43,7,1,1
BRDA:46,8,0,3
BRDA:46,8,1,21
BRDA:64,9,0,5
BRDA:64,9,1,19
BRF:19
BRH:19
end_of_record
TN:
SF:src/shared/components/Textarea.tsx
FN:17,Textarea
FNF:1
FNH:0
FNDA:0,Textarea
DA:17,0
DA:30,0
DA:31,0
DA:32,0
DA:33,0
DA:34,0
DA:35,0
LF:7
LH:0
BRDA:27,0,0,0
BRDA:30,1,0,0
BRDA:30,1,1,0
BRDA:31,2,0,0
BRDA:31,2,1,0
BRDA:32,3,0,0
BRDA:32,3,1,0
BRDA:33,4,0,0
BRDA:33,4,1,0
BRDA:37,5,0,0
BRDA:37,5,1,0
BRDA:39,6,0,0
BRDA:39,6,1,0
BRDA:42,7,0,0
BRDA:42,7,1,0
BRDA:59,8,0,0
BRDA:59,8,1,0
BRF:17
BRH:0
end_of_record
TN:
SF:src/shared/ui/Button.tsx
FN:10,(anonymous_1)
FN:68,(anonymous_2)
FNF:2
FNH:2
FNDA:1,(anonymous_1)
FNDA:5,(anonymous_2)
DA:10,1
DA:15,1
DA:22,1
DA:28,1
DA:68,1
DA:78,5
DA:79,5
DA:81,5
DA:83,5
DA:91,5
DA:97,5
DA:99,5
DA:101,5
DA:122,1
LF:14
LH:14
BRDA:11,0,0,0
BRDA:12,1,0,0
BRDA:13,2,0,0
BRDA:70,3,0,5
BRDA:71,4,0,5
BRDA:72,5,0,3
BRDA:73,6,0,4
BRDA:74,7,0,5
BRDA:75,8,0,5
BRDA:77,9,0,5
BRDA:97,10,0,0
BRDA:97,10,1,5
BRDA:105,11,0,5
BRDA:105,11,1,3
BRDA:110,12,0,5
BRDA:110,12,1,1
BRDA:112,13,0,0
BRDA:112,13,1,1
BRDA:113,14,0,1
BRDA:113,14,1,0
BRDA:113,15,0,1
BRDA:113,15,1,0
BRF:22
BRH:15
end_of_record
TN:
SF:src/shared/utils/api.ts
FN:18,buildUrl
FN:23,normalizeInit
FN:37,parseBody
FN:37,(anonymous_10)
FN:61,request
FN:61,(anonymous_12)
FN:92,(anonymous_13)
FN:93,(anonymous_14)
FN:94,(anonymous_15)
FN:95,(anonymous_16)
FNF:10
FNH:10
FNDA:11,buildUrl
FNDA:11,normalizeInit
FNDA:10,parseBody
FNDA:10,(anonymous_10)
FNDA:11,request
FNDA:11,(anonymous_12)
FNDA:1,(anonymous_13)
FNDA:1,(anonymous_14)
FNDA:1,(anonymous_15)
FNDA:1,(anonymous_16)
DA:1,1
DA:2,1
DA:15,1
DA:16,1
DA:19,11
DA:20,1
DA:24,11
DA:25,11
DA:26,11
DA:27,11
DA:28,11
DA:29,3
DA:30,3
DA:31,3
DA:33,11
DA:34,11
DA:37,10
DA:38,10
DA:39,8
DA:40,8
DA:41,8
DA:42,8
DA:43,8
DA:45,0
DA:46,0
DA:47,0
DA:48,0
DA:49,0
DA:51,0
DA:54,0
DA:56,0
DA:57,0
DA:61,11
DA:62,11
DA:63,11
DA:64,11
DA:65,11
DA:66,11
DA:67,11
DA:68,11
DA:69,11
DA:70,10
DA:71,10
DA:72,9
DA:73,9
DA:75,1
DA:76,1
DA:77,1
DA:80,1
DA:82,2
DA:83,2
DA:84,2
DA:86,11
DA:87,11
DA:91,1
DA:92,1
DA:93,1
DA:94,1
DA:95,1
LF:59
LH:50
BRDA:19,0,0,10
BRDA:19,0,1,1
BRDA:23,1,0,0
BRDA:24,2,0,11
BRDA:24,2,1,11
BRDA:28,3,0,3
BRDA:28,3,1,8
BRDA:28,4,0,11
BRDA:28,4,1,4
BRDA:30,5,0,3
BRDA:30,5,1,0
BRDA:31,6,0,0
BRDA:31,6,1,3
BRDA:37,7,0,0
BRDA:38,8,0,2
BRDA:38,8,1,8
BRDA:39,9,0,8
BRDA:39,9,1,0
BRDA:40,10,0,8
BRDA:40,10,1,8
BRDA:42,11,0,8
BRDA:42,11,1,0
BRDA:47,12,0,0
BRDA:47,12,1,0
BRDA:47,13,0,0
BRDA:47,13,1,0
BRDA:61,14,0,5
BRDA:63,15,0,11
BRDA:63,15,1,5
BRDA:71,16,0,9
BRDA:71,16,1,1
BRDA:77,17,0,1
BRDA:77,17,1,0
BRDA:77,18,0,1
BRDA:77,18,1,1
BRDA:77,18,2,1
BRDA:82,19,0,0
BRDA:82,19,1,2
BRDA:82,20,0,2
BRDA:82,20,1,2
BRDA:92,21,0,1
BRDA:92,21,1,1
BRDA:93,22,0,1
BRDA:93,22,1,1
BRDA:94,23,0,1
BRDA:94,23,1,1
BRDA:95,24,0,1
BRDA:95,24,1,1
BRF:48
BRH:36
end_of_record
TN:
SF:src/shared/utils/logger.ts
FN:12,getEnvironmentContext
FN:24,now
FN:30,getDefaultLevel
FN:42,shouldLog
FN:46,format
FN:54,getLevelBadge
FN:67,(anonymous_6)
FN:71,(anonymous_7)
FN:74,(anonymous_8)
FN:83,(anonymous_9)
FN:87,(anonymous_10)
FN:91,(anonymous_11)
FN:95,(anonymous_12)
FN:99,(anonymous_13)
FN:104,(anonymous_14)
FN:107,(anonymous_15)
FN:111,(anonymous_16)
FN:114,(anonymous_17)
FN:119,(anonymous_18)
FN:120,(anonymous_19)
FN:121,(anonymous_20)
FN:122,(anonymous_21)
FN:123,(anonymous_22)
FN:124,(anonymous_23)
FNF:24
FNH:0
FNDA:0,getEnvironmentContext
FNDA:0,now
FNDA:0,getDefaultLevel
FNDA:0,shouldLog
FNDA:0,format
FNDA:0,getLevelBadge
FNDA:0,(anonymous_6)
FNDA:0,(anonymous_7)
FNDA:0,(anonymous_8)
FNDA:0,(anonymous_9)
FNDA:0,(anonymous_10)
FNDA:0,(anonymous_11)
FNDA:0,(anonymous_12)
FNDA:0,(anonymous_13)
FNDA:0,(anonymous_14)
FNDA:0,(anonymous_15)
FNDA:0,(anonymous_16)
FNDA:0,(anonymous_17)
FNDA:0,(anonymous_18)
FNDA:0,(anonymous_19)
FNDA:0,(anonymous_20)
FNDA:0,(anonymous_21)
FNDA:0,(anonymous_22)
FNDA:0,(anonymous_23)
DA:3,0
DA:13,0
DA:17,0
DA:18,0
DA:19,0
DA:21,0
DA:25,0
DA:26,0
DA:27,0
DA:31,0
DA:32,0
DA:33,0
DA:34,0
DA:35,0
DA:36,0
DA:37,0
DA:40,0
DA:43,0
DA:47,0
DA:48,0
DA:49,0
DA:50,0
DA:51,0
DA:55,0
DA:56,0
DA:57,0
DA:58,0
DA:59,0
DA:60,0
DA:66,0
DA:68,0
DA:69,0
DA:72,0
DA:75,0
DA:76,0
DA:77,0
DA:79,0
DA:80,0
DA:81,0
DA:84,0
DA:85,0
DA:88,0
DA:89,0
DA:92,0
DA:93,0
DA:96,0
DA:97,0
DA:100,0
DA:101,0
DA:102,0
DA:103,0
DA:104,0
DA:108,0
DA:109,0
DA:110,0
DA:111,0
DA:115,0
DA:119,0
DA:120,0
DA:121,0
DA:122,0
DA:123,0
DA:124,0
LF:63
LH:0
BRDA:13,0,0,0
BRDA:13,0,1,0
BRDA:13,0,2,0
BRDA:13,0,3,0
BRDA:13,1,0,0
BRDA:13,1,1,0
BRDA:13,2,0,0
BRDA:13,2,1,0
BRDA:18,3,0,0
BRDA:18,3,1,0
BRDA:19,4,0,0
BRDA:19,4,1,0
BRDA:19,4,2,0
BRDA:34,5,0,0
BRDA:34,5,1,0
BRDA:34,6,0,0
BRDA:34,6,1,0
BRDA:35,7,0,0
BRDA:35,7,1,0
BRDA:36,8,0,0
BRDA:36,8,1,0
BRDA:36,9,0,0
BRDA:36,9,1,0
BRDA:37,10,0,0
BRDA:37,10,1,0
BRDA:48,11,0,0
BRDA:48,11,1,0
BRDA:49,12,0,0
BRDA:49,12,1,0
BRDA:55,13,0,0
BRDA:55,13,1,0
BRDA:55,13,2,0
BRDA:55,13,3,0
BRDA:55,13,4,0
BRDA:74,14,0,0
BRDA:76,15,0,0
BRDA:76,15,1,0
BRDA:77,16,0,0
BRDA:77,16,1,0
BRDA:79,17,0,0
BRDA:79,17,1,0
BRDA:81,18,0,0
BRDA:81,18,1,0
BRDA:84,19,0,0
BRDA:84,19,1,0
BRDA:85,20,0,0
BRDA:85,20,1,0
BRDA:85,21,0,0
BRDA:85,21,1,0
BRDA:88,22,0,0
BRDA:88,22,1,0
BRDA:89,23,0,0
BRDA:89,23,1,0
BRDA:89,24,0,0
BRDA:89,24,1,0
BRDA:92,25,0,0
BRDA:92,25,1,0
BRDA:93,26,0,0
BRDA:93,26,1,0
BRDA:93,27,0,0
BRDA:93,27,1,0
BRDA:96,28,0,0
BRDA:96,28,1,0
BRDA:97,29,0,0
BRDA:97,29,1,0
BRDA:97,30,0,0
BRDA:97,30,1,0
BRDA:99,31,0,0
BRDA:101,32,0,0
BRDA:101,32,1,0
BRDA:108,33,0,0
BRDA:108,33,1,0
BRDA:123,34,0,0
BRF:73
BRH:0
end_of_record
TN:
SF:src/shared/utils/websocket.ts
FN:27,(anonymous_0)
FN:31,(anonymous_1)
FN:49,(anonymous_2)
FN:65,(anonymous_3)
FN:81,(anonymous_4)
FN:85,(anonymous_5)
FN:88,(anonymous_6)
FN:95,(anonymous_7)
FN:105,(anonymous_8)
FN:116,(anonymous_9)
FN:122,(anonymous_10)
FN:124,(anonymous_11)
FN:135,(anonymous_12)
FN:142,(anonymous_13)
FN:156,(anonymous_14)
FN:165,(anonymous_15)
FN:173,(anonymous_16)
FN:177,(anonymous_17)
FN:182,(anonymous_18)
FN:186,(anonymous_19)
FN:194,(anonymous_20)
FN:199,(anonymous_21)
FNF:22
FNH:0
FNDA:0,(anonymous_0)
FNDA:0,(anonymous_1)
FNDA:0,(anonymous_2)
FNDA:0,(anonymous_3)
FNDA:0,(anonymous_4)
FNDA:0,(anonymous_5)
FNDA:0,(anonymous_6)
FNDA:0,(anonymous_7)
FNDA:0,(anonymous_8)
FNDA:0,(anonymous_9)
FNDA:0,(anonymous_10)
FNDA:0,(anonymous_11)
FNDA:0,(anonymous_12)
FNDA:0,(anonymous_13)
FNDA:0,(anonymous_14)
FNDA:0,(anonymous_15)
FNDA:0,(anonymous_16)
FNDA:0,(anonymous_17)
FNDA:0,(anonymous_18)
FNDA:0,(anonymous_19)
FNDA:0,(anonymous_20)
FNDA:0,(anonymous_21)
DA:1,0
DA:18,0
DA:20,0
DA:21,0
DA:22,0
DA:23,0
DA:24,0
DA:25,0
DA:28,0
DA:32,0
DA:34,0
DA:35,0
DA:36,0
DA:39,0
DA:40,0
DA:41,0
DA:42,0
DA:44,0
DA:45,0
DA:50,0
DA:52,0
DA:53,0
DA:54,0
DA:57,0
DA:58,0
DA:59,0
DA:62,0
DA:66,0
DA:67,0
DA:68,0
DA:71,0
DA:72,0
DA:73,0
DA:74,0
DA:76,0
DA:77,0
DA:82,0
DA:86,0
DA:88,0
DA:89,0
DA:90,0
DA:91,0
DA:92,0
DA:95,0
DA:96,0
DA:97,0
DA:98,0
DA:99,0
DA:101,0
DA:105,0
DA:106,0
DA:107,0
DA:108,0
DA:111,0
DA:112,0
DA:116,0
DA:117,0
DA:118,0
DA:123,0
DA:124,0
DA:125,0
DA:126,0
DA:136,0
DA:137,0
DA:138,0
DA:143,0
DA:144,0
DA:145,0
DA:148,0
DA:149,0
DA:151,0
DA:156,0
DA:157,0
DA:163,0
DA:165,0
DA:166,0
DA:167,0
DA:169,0
DA:173,0
DA:174,0
DA:175,0
DA:177,0
DA:178,0
DA:180,0
DA:183,0
DA:184,0
DA:187,0
DA:188,0
DA:192,0
DA:194,0
DA:195,0
DA:199,0
DA:200,0
DA:203,0
DA:211,0
LF:95
LH:0
BRDA:31,0,0,0
BRDA:34,1,0,0
BRDA:34,1,1,0
BRDA:34,2,0,0
BRDA:34,2,1,0
BRDA:34,3,0,0
BRDA:34,3,1,0
BRDA:52,4,0,0
BRDA:52,4,1,0
BRDA:57,5,0,0
BRDA:57,5,1,0
BRDA:66,6,0,0
BRDA:66,6,1,0
BRDA:66,7,0,0
BRDA:66,7,1,0
BRDA:66,8,0,0
BRDA:66,8,1,0
BRDA:67,9,0,0
BRDA:67,9,1,0
BRDA:67,10,0,0
BRDA:67,10,1,0
BRDA:82,11,0,0
BRDA:82,11,1,0
BRDA:82,12,0,0
BRDA:82,12,1,0
BRDA:86,13,0,0
BRDA:86,13,1,0
BRDA:92,14,0,0
BRDA:92,14,1,0
BRDA:92,15,0,0
BRDA:92,15,1,0
BRDA:99,16,0,0
BRDA:99,16,1,0
BRDA:99,17,0,0
BRDA:99,17,1,0
BRDA:108,18,0,0
BRDA:108,18,1,0
BRDA:108,19,0,0
BRDA:108,19,1,0
BRDA:111,20,0,0
BRDA:111,20,1,0
BRDA:118,21,0,0
BRDA:118,21,1,0
BRDA:118,22,0,0
BRDA:118,22,1,0
BRDA:125,23,0,0
BRDA:125,23,1,0
BRDA:136,24,0,0
BRDA:136,24,1,0
BRDA:143,25,0,0
BRDA:143,25,1,0
BRDA:166,26,0,0
BRDA:166,26,1,0
BRDA:166,27,0,0
BRDA:166,27,1,0
BRDA:173,28,0,0
BRDA:184,29,0,0
BRDA:184,29,1,0
BRDA:184,30,0,0
BRDA:184,30,1,0
BRDA:188,31,0,0
BRDA:188,31,1,0
BRDA:188,32,0,0
BRDA:188,32,1,0
BRDA:195,33,0,0
BRDA:195,33,1,0
BRDA:195,34,0,0
BRDA:195,34,1,0
BRDA:200,35,0,0
BRDA:200,35,1,0
BRDA:200,36,0,0
BRDA:200,36,1,0
BRDA:200,37,0,0
BRDA:200,37,1,0
BRF:74
BRH:0
end_of_record
TN:
SF:src/types/index.ts
FNF:0
FNH:0
DA:60,0
DA:73,0
DA:94,0
DA:116,0
DA:165,0
DA:174,0
LF:6
LH:0
BRF:0
BRH:0
end_of_record
